<?xml version="1.0" encoding="UTF-8"?>
<!-- Generated by org.testng.reporters.JUnitXMLReporter -->
<testsuite ignored="0" hostname="LAPTOP-9C50NI46" failures="0" tests="4" name="Default test" time="49.129" errors="0" timestamp="2023-07-21T17:31:12 IST">
  <testcase classname="Testngdemo.Testngdemo.CombinedTests" name="addToCartTest" time="8.182"/>
  <testcase classname="Testngdemo.Testngdemo.CombinedTests" name="googleSearchTest" time="10.73"/>
  <testcase classname="Testngdemo.Testngdemo.CombinedTests" name="loginTest" time="6.501"/>
  <testcase classname="Testngdemo.Testngdemo.CombinedTests" name="UserRegistrationTest" time="7.499"/>
</testsuite> <!-- Default test -->
