<?xml version="1.0" encoding="UTF-8"?>
<testng-results ignored="0" total="2" passed="2" failed="0" skipped="0">
  <reporter-output>
  </reporter-output>
  <suite started-at="2023-07-22T12:54:50 IST" name="Suite" finished-at="2023-07-22T12:55:12 IST" duration-ms="22142">
    <groups>
    </groups>
    <test started-at="2023-07-22T12:54:50 IST" name="Test1" finished-at="2023-07-22T12:54:59 IST" duration-ms="9349">
      <class name="com.example.parameterTest">
        <test-method is-config="true" signature="beforeTest()[pri:0, instance:com.example.parameterTest@60099951]" started-at="2023-07-22T12:54:50 IST" name="beforeTest" finished-at="2023-07-22T12:54:56 IST" duration-ms="6280" status="PASS">
          <reporter-output>
          </reporter-output>
        </test-method> <!-- beforeTest -->
        <test-method signature="test1(java.lang.String)[pri:0, instance:com.example.parameterTest@60099951]" started-at="2023-07-22T12:54:56 IST" name="test1" finished-at="2023-07-22T12:54:59 IST" duration-ms="2523" status="PASS">
          <params>
            <param index="0">
              <value>
                <![CDATA[https://www.google.com/]]>
              </value>
            </param>
          </params>
          <reporter-output>
          </reporter-output>
        </test-method> <!-- test1 -->
        <test-method is-config="true" signature="afterTest()[pri:0, instance:com.example.parameterTest@60099951]" started-at="2023-07-22T12:54:59 IST" name="afterTest" finished-at="2023-07-22T12:54:59 IST" duration-ms="411" status="PASS">
          <reporter-output>
          </reporter-output>
        </test-method> <!-- afterTest -->
      </class> <!-- com.example.parameterTest -->
    </test> <!-- Test1 -->
    <test started-at="2023-07-22T12:54:59 IST" name="Test2" finished-at="2023-07-22T12:55:12 IST" duration-ms="12725">
      <class name="com.example.parameterTest">
        <test-method is-config="true" signature="beforeTest()[pri:0, instance:com.example.parameterTest@795509d9]" started-at="2023-07-22T12:54:59 IST" name="beforeTest" finished-at="2023-07-22T12:55:02 IST" duration-ms="2551" status="PASS">
          <reporter-output>
          </reporter-output>
        </test-method> <!-- beforeTest -->
        <test-method signature="test2(java.lang.String)[pri:0, instance:com.example.parameterTest@795509d9]" started-at="2023-07-22T12:55:02 IST" name="test2" finished-at="2023-07-22T12:55:12 IST" duration-ms="9632" status="PASS">
          <params>
            <param index="0">
              <value>
                <![CDATA[https://www.amazon.in/]]>
              </value>
            </param>
          </params>
          <reporter-output>
          </reporter-output>
        </test-method> <!-- test2 -->
        <test-method is-config="true" signature="afterTest()[pri:0, instance:com.example.parameterTest@795509d9]" started-at="2023-07-22T12:55:12 IST" name="afterTest" finished-at="2023-07-22T12:55:12 IST" duration-ms="529" status="PASS">
          <reporter-output>
          </reporter-output>
        </test-method> <!-- afterTest -->
      </class> <!-- com.example.parameterTest -->
    </test> <!-- Test2 -->
  </suite> <!-- Suite -->
</testng-results>
