<?xml version="1.0" encoding="UTF-8"?>
<testng-results ignored="0" total="4" passed="4" failed="0" skipped="0">
  <reporter-output>
  </reporter-output>
  <suite started-at="2023-07-21T17:30:23 IST" name="Default suite" finished-at="2023-07-21T17:31:12 IST" duration-ms="49129">
    <groups>
    </groups>
    <test started-at="2023-07-21T17:30:23 IST" name="Default test" finished-at="2023-07-21T17:31:12 IST" duration-ms="49129">
      <class name="Testngdemo.Testngdemo.CombinedTests">
        <test-method is-config="true" signature="beforeMethod()[pri:0, instance:Testngdemo.Testngdemo.CombinedTests@13fd2ccd]" started-at="2023-07-21T17:30:23 IST" name="beforeMethod" finished-at="2023-07-21T17:30:29 IST" duration-ms="5530" status="PASS">
          <reporter-output>
          </reporter-output>
        </test-method> <!-- beforeMethod -->
        <test-method signature="addToCartTest()[pri:1, instance:Testngdemo.Testngdemo.CombinedTests@13fd2ccd]" started-at="2023-07-21T17:30:29 IST" name="addToCartTest" finished-at="2023-07-21T17:30:37 IST" duration-ms="8182" status="PASS">
          <reporter-output>
          </reporter-output>
        </test-method> <!-- addToCartTest -->
        <test-method is-config="true" signature="afterMethod()[pri:0, instance:Testngdemo.Testngdemo.CombinedTests@13fd2ccd]" started-at="2023-07-21T17:30:37 IST" name="afterMethod" finished-at="2023-07-21T17:30:37 IST" duration-ms="514" status="PASS">
          <reporter-output>
          </reporter-output>
        </test-method> <!-- afterMethod -->
        <test-method is-config="true" signature="beforeMethod()[pri:0, instance:Testngdemo.Testngdemo.CombinedTests@13fd2ccd]" started-at="2023-07-21T17:30:37 IST" name="beforeMethod" finished-at="2023-07-21T17:30:40 IST" duration-ms="3008" status="PASS">
          <reporter-output>
          </reporter-output>
        </test-method> <!-- beforeMethod -->
        <test-method signature="googleSearchTest()[pri:2, instance:Testngdemo.Testngdemo.CombinedTests@13fd2ccd]" started-at="2023-07-21T17:30:40 IST" name="googleSearchTest" finished-at="2023-07-21T17:30:51 IST" duration-ms="10730" status="PASS">
          <reporter-output>
          </reporter-output>
        </test-method> <!-- googleSearchTest -->
        <test-method is-config="true" signature="afterMethod()[pri:0, instance:Testngdemo.Testngdemo.CombinedTests@13fd2ccd]" started-at="2023-07-21T17:30:51 IST" name="afterMethod" finished-at="2023-07-21T17:30:52 IST" duration-ms="531" status="PASS">
          <reporter-output>
          </reporter-output>
        </test-method> <!-- afterMethod -->
        <test-method is-config="true" signature="beforeMethod()[pri:0, instance:Testngdemo.Testngdemo.CombinedTests@13fd2ccd]" started-at="2023-07-21T17:30:52 IST" name="beforeMethod" finished-at="2023-07-21T17:30:54 IST" duration-ms="2752" status="PASS">
          <reporter-output>
          </reporter-output>
        </test-method> <!-- beforeMethod -->
        <test-method signature="loginTest()[pri:3, instance:Testngdemo.Testngdemo.CombinedTests@13fd2ccd]" started-at="2023-07-21T17:30:54 IST" name="loginTest" finished-at="2023-07-21T17:31:01 IST" duration-ms="6501" status="PASS">
          <reporter-output>
          </reporter-output>
        </test-method> <!-- loginTest -->
        <test-method is-config="true" signature="afterMethod()[pri:0, instance:Testngdemo.Testngdemo.CombinedTests@13fd2ccd]" started-at="2023-07-21T17:31:01 IST" name="afterMethod" finished-at="2023-07-21T17:31:01 IST" duration-ms="436" status="PASS">
          <reporter-output>
          </reporter-output>
        </test-method> <!-- afterMethod -->
        <test-method is-config="true" signature="beforeMethod()[pri:0, instance:Testngdemo.Testngdemo.CombinedTests@13fd2ccd]" started-at="2023-07-21T17:31:01 IST" name="beforeMethod" finished-at="2023-07-21T17:31:04 IST" duration-ms="2877" status="PASS">
          <reporter-output>
          </reporter-output>
        </test-method> <!-- beforeMethod -->
        <test-method signature="UserRegistrationTest()[pri:4, instance:Testngdemo.Testngdemo.CombinedTests@13fd2ccd]" started-at="2023-07-21T17:31:04 IST" name="UserRegistrationTest" finished-at="2023-07-21T17:31:12 IST" duration-ms="7499" status="PASS">
          <reporter-output>
          </reporter-output>
        </test-method> <!-- UserRegistrationTest -->
        <test-method is-config="true" signature="afterMethod()[pri:0, instance:Testngdemo.Testngdemo.CombinedTests@13fd2ccd]" started-at="2023-07-21T17:31:12 IST" name="afterMethod" finished-at="2023-07-21T17:31:12 IST" duration-ms="361" status="PASS">
          <reporter-output>
          </reporter-output>
        </test-method> <!-- afterMethod -->
      </class> <!-- Testngdemo.Testngdemo.CombinedTests -->
    </test> <!-- Default test -->
  </suite> <!-- Default suite -->
</testng-results>
